<?xml version="1.0" encoding="utf-8"?><testsuites name="pytest tests"><testsuite name="pytest" errors="0" failures="0" skipped="0" tests="15" time="2.229" timestamp="2026-05-02T10:57:55.267381+00:00" hostname="agent-env-01578ff8-c047-48e9-b9f4-d9f20ae19ae9"><testcase classname="backend.tests.test_crm_api" name="test_root" time="0.254" /><testcase classname="backend.tests.test_crm_api" name="test_seed" time="0.065" /><testcase classname="backend.tests.test_crm_api" name="test_seed_idempotent" time="0.120" /><testcase classname="backend.tests.test_crm_api" name="test_dashboard_all" time="0.050" /><testcase classname="backend.tests.test_crm_api" name="test_dashboard_feb_2026" time="0.044" /><testcase classname="backend.tests.test_crm_api" name="test_dashboard_jan_2026" time="0.096" /><testcase classname="backend.tests.test_crm_api" name="test_dashboard_empty_period" time="0.048" /><testcase classname="backend.tests.test_crm_api" name="test_clients_extended_fields" time="0.221" /><testcase classname="backend.tests.test_crm_api" name="test_clients_seed_has_bank_fields" time="0.048" /><testcase classname="backend.tests.test_crm_api" name="test_carriers_extended_fields" time="0.221" /><testcase classname="backend.tests.test_crm_api" name="test_carriers_seed_has_bank_fields" time="0.043" /><testcase classname="backend.tests.test_crm_api" name="test_orders_new_fields_persist" time="0.324" /><testcase classname="backend.tests.test_crm_api" name="test_orders_seed_has_new_fields" time="0.045" /><testcase classname="backend.tests.test_crm_api" name="test_404s" time="0.188" /><testcase classname="backend.tests.test_crm_api" name="test_leads_crud_regression" time="0.255" /></testsuite></testsuites>